[DEBUG] 09-12-2025 23:34:26 [main] [org.testng.TestNG] - suiteXmlPath: "C:\Users\ebrahim\AppData\Local\JetBrains\IdeaIC2025.2\temp-testng-customsuite.xml"
[INFO] 09-12-2025 23:34:26 [main] [listeners.TestListener] - Allure results directory exists: H:\software testing\Automation coursse work\GradProject\GradProject\test-output\allure-results
[INFO] 09-12-2025 23:34:26 [main] [utils.report.AllureUtlis] - Cleaning Allure results directory...
[INFO] 09-12-2025 23:34:26 [main] [utils.report.AllureUtlis] - Allure results directory cleaned successfully
[TRACE] 09-12-2025 23:34:27 [main] [org.testng.internal.Graph] - [Graph] ADDING NODE LoginTest.setup2()[pri:0, instance:null] -415592592
[TRACE] 09-12-2025 23:34:27 [main] [org.testng.internal.Graph] - [Graph] ================ SORTING
[TRACE] 09-12-2025 23:34:27 [main] [org.testng.internal.Graph] - [Graph] =============== DONE SORTING
[TRACE] 09-12-2025 23:34:27 [main] [org.testng.internal.Graph] - [Graph] ====== SORTED NODES
[TRACE] 09-12-2025 23:34:27 [main] [org.testng.internal.Graph] - [Graph] ====== END SORTED NODES
[TRACE] 09-12-2025 23:34:27 [main] [org.testng.internal.Graph] - [Graph] ADDING NODE Base.setUpClass()[pri:0, instance:null] -1457685708
[TRACE] 09-12-2025 23:34:27 [main] [org.testng.internal.Graph] - [Graph] ================ SORTING
[TRACE] 09-12-2025 23:34:27 [main] [org.testng.internal.Graph] - [Graph] =============== DONE SORTING
[TRACE] 09-12-2025 23:34:27 [main] [org.testng.internal.Graph] - [Graph] ====== SORTED NODES
[TRACE] 09-12-2025 23:34:27 [main] [org.testng.internal.Graph] - [Graph] ====== END SORTED NODES
[TRACE] 09-12-2025 23:34:27 [main] [org.testng.internal.Graph] - [Graph] ADDING NODE Base.tearDownClass()[pri:0, instance:null] 458945177
[TRACE] 09-12-2025 23:34:27 [main] [org.testng.internal.Graph] - [Graph] ================ SORTING
[TRACE] 09-12-2025 23:34:27 [main] [org.testng.internal.Graph] - [Graph] =============== DONE SORTING
[TRACE] 09-12-2025 23:34:27 [main] [org.testng.internal.Graph] - [Graph] ====== SORTED NODES
[TRACE] 09-12-2025 23:34:27 [main] [org.testng.internal.Graph] - [Graph] ====== END SORTED NODES
[TRACE] 09-12-2025 23:34:27 [main] [org.testng.internal.Graph] - [Graph] ADDING NODE Base.setup()[pri:0, instance:null] 249585106
[TRACE] 09-12-2025 23:34:27 [main] [org.testng.internal.Graph] - [Graph] ================ SORTING
[TRACE] 09-12-2025 23:34:27 [main] [org.testng.internal.Graph] - [Graph] =============== DONE SORTING
[TRACE] 09-12-2025 23:34:27 [main] [org.testng.internal.Graph] - [Graph] ====== SORTED NODES
[TRACE] 09-12-2025 23:34:27 [main] [org.testng.internal.Graph] - [Graph] ====== END SORTED NODES
[TRACE] 09-12-2025 23:34:27 [main] [org.testng.internal.Graph] - [Graph] ADDING NODE Base.tearDown()[pri:0, instance:null] -1800487415
[TRACE] 09-12-2025 23:34:27 [main] [org.testng.internal.Graph] - [Graph] ================ SORTING
[TRACE] 09-12-2025 23:34:27 [main] [org.testng.internal.Graph] - [Graph] =============== DONE SORTING
[TRACE] 09-12-2025 23:34:27 [main] [org.testng.internal.Graph] - [Graph] ====== SORTED NODES
[TRACE] 09-12-2025 23:34:27 [main] [org.testng.internal.Graph] - [Graph] ====== END SORTED NODES
[TRACE] 09-12-2025 23:34:27 [main] [org.testng.internal.Graph] - [Graph] ADDING NODE LoginTest.setup2()[pri:0, instance:tests.StandradUser.LoginTest@634ff56] 105668070
[TRACE] 09-12-2025 23:34:27 [main] [org.testng.internal.Graph] - [Graph] ================ SORTING
[TRACE] 09-12-2025 23:34:27 [main] [org.testng.internal.Graph] - [Graph] =============== DONE SORTING
[TRACE] 09-12-2025 23:34:27 [main] [org.testng.internal.Graph] - [Graph] ====== SORTED NODES
[TRACE] 09-12-2025 23:34:27 [main] [org.testng.internal.Graph] - [Graph] ====== END SORTED NODES
[TRACE] 09-12-2025 23:34:27 [main] [org.testng.internal.Graph] - [Graph] ADDING NODE LoginTest.EmptyPasswordLoginTC()[pri:0, instance:tests.StandradUser.LoginTest@634ff56] 1649156099
[TRACE] 09-12-2025 23:34:27 [main] [org.testng.internal.Graph] - [Graph] ADDING NODE LoginTest.ValidLoginTC()[pri:0, instance:tests.StandradUser.LoginTest@634ff56] 917622783
[TRACE] 09-12-2025 23:34:27 [main] [org.testng.internal.Graph] - [Graph] ADDING NODE LoginTest.LockedOutUserLoginTC()[pri:0, instance:tests.StandradUser.LoginTest@634ff56] -1246429238
[TRACE] 09-12-2025 23:34:27 [main] [org.testng.internal.Graph] - [Graph] ADDING NODE LoginTest.EmptyUsernameLoginTC()[pri:0, instance:tests.StandradUser.LoginTest@634ff56] 262348358
[TRACE] 09-12-2025 23:34:27 [main] [org.testng.internal.Graph] - [Graph] ADDING NODE LoginTest.InvalidPasswordLoginTC()[pri:0, instance:tests.StandradUser.LoginTest@634ff56] 913050549
[TRACE] 09-12-2025 23:34:27 [main] [org.testng.internal.Graph] - [Graph] ADDING NODE LoginTest.InvalidUsernameLoginTC()[pri:0, instance:tests.StandradUser.LoginTest@634ff56] 1076954088
[TRACE] 09-12-2025 23:34:27 [main] [org.testng.internal.Graph] - [Graph] ADDING NODE LoginTest.PerformanceGlitchUserLoginTC()[pri:0, instance:tests.StandradUser.LoginTest@634ff56] 1276738539
[TRACE] 09-12-2025 23:34:27 [main] [org.testng.internal.Graph] - [Graph] ================ SORTING
[TRACE] 09-12-2025 23:34:27 [main] [org.testng.internal.Graph] - [Graph] =============== DONE SORTING
[TRACE] 09-12-2025 23:34:27 [main] [org.testng.internal.Graph] - [Graph] ====== SORTED NODES
[TRACE] 09-12-2025 23:34:27 [main] [org.testng.internal.Graph] - [Graph] ====== END SORTED NODES
[INFO] 09-12-2025 23:34:27 [main] [org.testng.internal.Utils] - [TestNG] Running:
  C:\Users\ebrahim\AppData\Local\JetBrains\IdeaIC2025.2\temp-testng-customsuite.xml

[INFO] 09-12-2025 23:34:27 [main] [listeners.TestListener] - ╔══════════════════════════════════════════════════════╗
[INFO] 09-12-2025 23:34:27 [main] [listeners.TestListener] - ║       TEST SUITE EXECUTION STARTED                   ║
[INFO] 09-12-2025 23:34:27 [main] [listeners.TestListener] - ╚══════════════════════════════════════════════════════╝
[INFO] 09-12-2025 23:34:27 [main] [listeners.TestListener] - Suite Name: Default Suite
[INFO] 09-12-2025 23:34:27 [main] [listeners.TestListener] - Auto Generate Report: true
[INFO] 09-12-2025 23:34:27 [main] [listeners.TestListener] - Auto Open Report: true
[INFO] 09-12-2025 23:34:27 [main] [listeners.TestListener] - ═══════════════════════════════════════════════════════
[INFO] 09-12-2025 23:34:27 [main] [listeners.TestListener] - TestNG context started: AddtoCartTest.java
[INFO] 09-12-2025 23:34:27 [main] [listeners.TestListener] - ═══════════════════════════════════════════════════════
[INFO] 09-12-2025 23:34:27 [main] [Base.Base] - ========================================
[INFO] 09-12-2025 23:34:27 [main] [Base.Base] - Starting Test Class: LoginTest
[INFO] 09-12-2025 23:34:27 [main] [Base.Base] - ========================================
[INFO] 09-12-2025 23:34:27 [main] [Base.Base] - Setting up test environment...
[INFO] 09-12-2025 23:34:32 [main] [Base.Base] - WebDriver initialized successfully
[INFO] 09-12-2025 23:34:32 [main] [Base.Base] - Navigating to base URL: https://www.saucedemo.com/
[INFO] 09-12-2025 23:34:35 [main] [Base.Base] - Navigation completed
[INFO] 09-12-2025 23:34:35 [main] [listeners.TestListener] - ▶ Test Started: EmptyPasswordLoginTC
[INFO] 09-12-2025 23:34:36 [main] [listeners.TestListener] - ▶ Started recording for: EmptyPasswordLoginTC
[INFO] 09-12-2025 23:34:36 [main] [pages.LoginPage] - Attempting to log in with username: standard_user
[INFO] 09-12-2025 23:34:37 [main] [Media.ScreenshotUtils] - Screenshot attached to Allure: SUCCESS - EmptyPasswordLoginTC - 2025-12-09_23-34-36
[INFO] 09-12-2025 23:34:37 [main] [listeners.TestListener] - ✓ Screenshot captured: SUCCESS - EmptyPasswordLoginTC - 2025-12-09_23-34-36
[INFO] 09-12-2025 23:34:37 [main] [listeners.TestListener] - ✓ Video attached: H:\software testing\Automation coursse work\GradProject\GradProject\test-recordings\EmptyPasswordLoginTC.avi
[INFO] 09-12-2025 23:34:37 [main] [listeners.TestListener] - ✓ Test Passed: EmptyPasswordLoginTC
[INFO] 09-12-2025 23:34:37 [main] [Base.Base] - Tearing down test environment...
[INFO] 09-12-2025 23:34:37 [main] [Base.Base] - WebDriver quit successfully
[INFO] 09-12-2025 23:34:37 [main] [Base.Base] - Setting up test environment...
[INFO] 09-12-2025 23:34:41 [main] [Base.Base] - WebDriver initialized successfully
[INFO] 09-12-2025 23:34:41 [main] [Base.Base] - Navigating to base URL: https://www.saucedemo.com/
[INFO] 09-12-2025 23:34:54 [main] [Base.Base] - Navigation completed
[INFO] 09-12-2025 23:34:54 [main] [listeners.TestListener] - ▶ Test Started: EmptyUsernameLoginTC
[INFO] 09-12-2025 23:34:54 [main] [listeners.TestListener] - ▶ Started recording for: EmptyUsernameLoginTC
[INFO] 09-12-2025 23:34:55 [main] [pages.LoginPage] - Attempting to log in with username: 
[INFO] 09-12-2025 23:34:55 [main] [Media.ScreenshotUtils] - Screenshot attached to Allure: SUCCESS - EmptyUsernameLoginTC - 2025-12-09_23-34-55
[INFO] 09-12-2025 23:34:55 [main] [listeners.TestListener] - ✓ Screenshot captured: SUCCESS - EmptyUsernameLoginTC - 2025-12-09_23-34-55
[INFO] 09-12-2025 23:34:55 [main] [listeners.TestListener] - ✓ Video attached: H:\software testing\Automation coursse work\GradProject\GradProject\test-recordings\EmptyUsernameLoginTC.avi
[INFO] 09-12-2025 23:34:55 [main] [listeners.TestListener] - ✓ Test Passed: EmptyUsernameLoginTC
[INFO] 09-12-2025 23:34:55 [main] [Base.Base] - Tearing down test environment...
[INFO] 09-12-2025 23:34:56 [main] [Base.Base] - WebDriver quit successfully
[INFO] 09-12-2025 23:34:56 [main] [Base.Base] - Setting up test environment...
[INFO] 09-12-2025 23:35:00 [main] [Base.Base] - WebDriver initialized successfully
[INFO] 09-12-2025 23:35:00 [main] [Base.Base] - Navigating to base URL: https://www.saucedemo.com/
[INFO] 09-12-2025 23:35:13 [main] [Base.Base] - Navigation completed
[INFO] 09-12-2025 23:35:13 [main] [listeners.TestListener] - ▶ Test Started: InvalidPasswordLoginTC
[INFO] 09-12-2025 23:35:13 [main] [listeners.TestListener] - ▶ Started recording for: InvalidPasswordLoginTC
[INFO] 09-12-2025 23:35:13 [main] [pages.LoginPage] - Attempting to log in with username: standard_user
[INFO] 09-12-2025 23:35:14 [main] [Media.ScreenshotUtils] - Screenshot attached to Allure: SUCCESS - InvalidPasswordLoginTC - 2025-12-09_23-35-13
[INFO] 09-12-2025 23:35:14 [main] [listeners.TestListener] - ✓ Screenshot captured: SUCCESS - InvalidPasswordLoginTC - 2025-12-09_23-35-13
[INFO] 09-12-2025 23:35:14 [main] [listeners.TestListener] - ✓ Video attached: H:\software testing\Automation coursse work\GradProject\GradProject\test-recordings\InvalidPasswordLoginTC.avi
[INFO] 09-12-2025 23:35:14 [main] [listeners.TestListener] - ✓ Test Passed: InvalidPasswordLoginTC
[INFO] 09-12-2025 23:35:14 [main] [Base.Base] - Tearing down test environment...
[INFO] 09-12-2025 23:35:14 [main] [Base.Base] - WebDriver quit successfully
[INFO] 09-12-2025 23:35:14 [main] [Base.Base] - Setting up test environment...
[INFO] 09-12-2025 23:35:18 [main] [Base.Base] - WebDriver initialized successfully
[INFO] 09-12-2025 23:35:18 [main] [Base.Base] - Navigating to base URL: https://www.saucedemo.com/
[INFO] 09-12-2025 23:35:20 [main] [Base.Base] - Navigation completed
[INFO] 09-12-2025 23:35:20 [main] [listeners.TestListener] - ▶ Test Started: InvalidUsernameLoginTC
[INFO] 09-12-2025 23:35:20 [main] [listeners.TestListener] - ▶ Started recording for: InvalidUsernameLoginTC
[INFO] 09-12-2025 23:35:20 [main] [pages.LoginPage] - Attempting to log in with username: invalid_user
[INFO] 09-12-2025 23:35:21 [main] [Media.ScreenshotUtils] - Screenshot attached to Allure: SUCCESS - InvalidUsernameLoginTC - 2025-12-09_23-35-21
[INFO] 09-12-2025 23:35:21 [main] [listeners.TestListener] - ✓ Screenshot captured: SUCCESS - InvalidUsernameLoginTC - 2025-12-09_23-35-21
[INFO] 09-12-2025 23:35:21 [main] [listeners.TestListener] - ✓ Video attached: H:\software testing\Automation coursse work\GradProject\GradProject\test-recordings\InvalidUsernameLoginTC.avi
[INFO] 09-12-2025 23:35:21 [main] [listeners.TestListener] - ✓ Test Passed: InvalidUsernameLoginTC
[INFO] 09-12-2025 23:35:21 [main] [Base.Base] - Tearing down test environment...
[INFO] 09-12-2025 23:35:21 [main] [Base.Base] - WebDriver quit successfully
[INFO] 09-12-2025 23:35:21 [main] [Base.Base] - Setting up test environment...
[INFO] 09-12-2025 23:35:25 [main] [Base.Base] - WebDriver initialized successfully
[INFO] 09-12-2025 23:35:25 [main] [Base.Base] - Navigating to base URL: https://www.saucedemo.com/
[INFO] 09-12-2025 23:35:31 [main] [Base.Base] - Navigation completed
[INFO] 09-12-2025 23:35:31 [main] [listeners.TestListener] - ▶ Test Started: LockedOutUserLoginTC
[INFO] 09-12-2025 23:35:31 [main] [listeners.TestListener] - ▶ Started recording for: LockedOutUserLoginTC
[INFO] 09-12-2025 23:35:31 [main] [pages.LoginPage] - Attempting to log in with username: locked_out_user
[INFO] 09-12-2025 23:35:32 [main] [Media.ScreenshotUtils] - Screenshot attached to Allure: SUCCESS - LockedOutUserLoginTC - 2025-12-09_23-35-31
[INFO] 09-12-2025 23:35:32 [main] [listeners.TestListener] - ✓ Screenshot captured: SUCCESS - LockedOutUserLoginTC - 2025-12-09_23-35-31
[INFO] 09-12-2025 23:35:32 [main] [listeners.TestListener] - ✓ Video attached: H:\software testing\Automation coursse work\GradProject\GradProject\test-recordings\LockedOutUserLoginTC.avi
[INFO] 09-12-2025 23:35:32 [main] [listeners.TestListener] - ✓ Test Passed: LockedOutUserLoginTC
[INFO] 09-12-2025 23:35:32 [main] [Base.Base] - Tearing down test environment...
[INFO] 09-12-2025 23:35:32 [main] [Base.Base] - WebDriver quit successfully
[INFO] 09-12-2025 23:35:32 [main] [Base.Base] - Setting up test environment...
[INFO] 09-12-2025 23:35:36 [main] [Base.Base] - WebDriver initialized successfully
[INFO] 09-12-2025 23:35:36 [main] [Base.Base] - Navigating to base URL: https://www.saucedemo.com/
[INFO] 09-12-2025 23:35:48 [main] [Base.Base] - Navigation completed
[INFO] 09-12-2025 23:35:48 [main] [listeners.TestListener] - ▶ Test Started: PerformanceGlitchUserLoginTC
[INFO] 09-12-2025 23:35:48 [main] [listeners.TestListener] - ▶ Started recording for: PerformanceGlitchUserLoginTC
[INFO] 09-12-2025 23:35:54 [main] [pages.LoginPage] - Attempting to log in with username: performance_glitch_user
[INFO] 09-12-2025 23:35:55 [main] [Media.ScreenshotUtils] - Screenshot attached to Allure: SUCCESS - PerformanceGlitchUserLoginTC - 2025-12-09_23-35-54
[INFO] 09-12-2025 23:35:55 [main] [listeners.TestListener] - ✓ Screenshot captured: SUCCESS - PerformanceGlitchUserLoginTC - 2025-12-09_23-35-54
[INFO] 09-12-2025 23:35:55 [main] [listeners.TestListener] - ✓ Video attached: H:\software testing\Automation coursse work\GradProject\GradProject\test-recordings\PerformanceGlitchUserLoginTC.avi
[INFO] 09-12-2025 23:35:55 [main] [listeners.TestListener] - ✓ Test Passed: PerformanceGlitchUserLoginTC
[INFO] 09-12-2025 23:35:55 [main] [Base.Base] - Tearing down test environment...
[INFO] 09-12-2025 23:35:55 [main] [Base.Base] - WebDriver quit successfully
[INFO] 09-12-2025 23:35:55 [main] [Base.Base] - Setting up test environment...
[INFO] 09-12-2025 23:35:59 [main] [Base.Base] - WebDriver initialized successfully
[INFO] 09-12-2025 23:35:59 [main] [Base.Base] - Navigating to base URL: https://www.saucedemo.com/
[INFO] 09-12-2025 23:36:07 [main] [Base.Base] - Navigation completed
[INFO] 09-12-2025 23:36:07 [main] [listeners.TestListener] - ▶ Test Started: ValidLoginTC
[INFO] 09-12-2025 23:36:08 [main] [listeners.TestListener] - ▶ Started recording for: ValidLoginTC
[INFO] 09-12-2025 23:36:08 [main] [pages.LoginPage] - Attempting to log in with username: standard_user
[INFO] 09-12-2025 23:36:08 [main] [Media.ScreenshotUtils] - Screenshot attached to Allure: SUCCESS - ValidLoginTC - 2025-12-09_23-36-08
[INFO] 09-12-2025 23:36:08 [main] [listeners.TestListener] - ✓ Screenshot captured: SUCCESS - ValidLoginTC - 2025-12-09_23-36-08
[INFO] 09-12-2025 23:36:09 [main] [listeners.TestListener] - ✓ Video attached: H:\software testing\Automation coursse work\GradProject\GradProject\test-recordings\ValidLoginTC.avi
[INFO] 09-12-2025 23:36:09 [main] [listeners.TestListener] - ✓ Test Passed: ValidLoginTC
[INFO] 09-12-2025 23:36:09 [main] [Base.Base] - Tearing down test environment...
[INFO] 09-12-2025 23:36:09 [main] [Base.Base] - WebDriver quit successfully
[INFO] 09-12-2025 23:36:09 [main] [Base.Base] - ========================================
[INFO] 09-12-2025 23:36:09 [main] [Base.Base] - Finished Test Class: LoginTest
[INFO] 09-12-2025 23:36:09 [main] [Base.Base] - ========================================
[INFO] 09-12-2025 23:36:09 [main] [listeners.TestListener] - ═══════════════════════════════════════════════════════
[INFO] 09-12-2025 23:36:09 [main] [listeners.TestListener] - TestNG context finished: AddtoCartTest.java
[INFO] 09-12-2025 23:36:09 [main] [listeners.TestListener] - Passed: 7 | Failed: 0 | Skipped: 0
[INFO] 09-12-2025 23:36:09 [main] [listeners.TestListener] - ═══════════════════════════════════════════════════════
[INFO] 09-12-2025 23:36:09 [main] [listeners.TestListener] - ╔══════════════════════════════════════════════════════╗
[INFO] 09-12-2025 23:36:09 [main] [listeners.TestListener] - ║       TEST SUITE EXECUTION COMPLETED                 ║
[INFO] 09-12-2025 23:36:09 [main] [listeners.TestListener] - ╚══════════════════════════════════════════════════════╝
[INFO] 09-12-2025 23:36:09 [main] [listeners.TestListener] - Suite Name: Default Suite
[INFO] 09-12-2025 23:36:09 [main] [listeners.TestListener] - ═══════════════════════════════════════════════════════
[INFO] 09-12-2025 23:36:09 [main] [listeners.TestListener] -               TEST EXECUTION SUMMARY                   
[INFO] 09-12-2025 23:36:09 [main] [listeners.TestListener] - ═══════════════════════════════════════════════════════
[INFO] 09-12-2025 23:36:09 [main] [listeners.TestListener] - Total Tests:  7
[INFO] 09-12-2025 23:36:09 [main] [listeners.TestListener] - ✓ Passed:     7
[INFO] 09-12-2025 23:36:09 [main] [listeners.TestListener] - ✗ Failed:     0
[INFO] 09-12-2025 23:36:09 [main] [listeners.TestListener] - ⊘ Skipped:    0
[INFO] 09-12-2025 23:36:09 [main] [listeners.TestListener] - Success Rate: {:.2f}%
[INFO] 09-12-2025 23:36:09 [main] [listeners.TestListener] - ═══════════════════════════════════════════════════════
[INFO] 09-12-2025 23:36:09 [main] [listeners.TestListener] - 
[INFO] 09-12-2025 23:36:09 [main] [listeners.TestListener] - ╔══════════════════════════════════════════════════════╗
[INFO] 09-12-2025 23:36:09 [main] [listeners.TestListener] - ║         GENERATING ALLURE REPORT                     ║
[INFO] 09-12-2025 23:36:09 [main] [listeners.TestListener] - ╚══════════════════════════════════════════════════════╝
[WARN] 09-12-2025 23:36:09 [main] [listeners.TestListener] - Allure CLI not found. Attempting to use Maven...
[INFO] 09-12-2025 23:36:09 [main] [listeners.TestListener] - To install Allure CLI:
[INFO] 09-12-2025 23:36:09 [main] [listeners.TestListener] -   • npm install -g allure-commandline
[INFO] 09-12-2025 23:36:09 [main] [listeners.TestListener] -   • brew install allure (Mac)
[INFO] 09-12-2025 23:36:09 [main] [listeners.TestListener] -   • scoop install allure (Windows)
[INFO] 09-12-2025 23:36:09 [main] [utils.report.AllureUtlis] - ═══════════════════════════════════════════════════
[INFO] 09-12-2025 23:36:09 [main] [utils.report.AllureUtlis] -       GENERATING ALLURE REPORT VIA MAVEN           
[INFO] 09-12-2025 23:36:09 [main] [utils.report.AllureUtlis] - ═══════════════════════════════════════════════════
[ERROR] 09-12-2025 23:36:09 [main] [utils.report.AllureUtlis] - Error generating report via Maven: Cannot run program "mvn": CreateProcess error=2, The system cannot find the file specified
java.io.IOException: Cannot run program "mvn": CreateProcess error=2, The system cannot find the file specified
	at java.base/java.lang.ProcessBuilder.start(ProcessBuilder.java:1110) ~[?:?]
	at java.base/java.lang.ProcessBuilder.start(ProcessBuilder.java:1044) ~[?:?]
	at utils.report.AllureUtlis.generateReportViaMaven(AllureUtlis.java:220) [classes/:?]
	at listeners.TestListener.generateAllureReport(TestListener.java:253) [test-classes/:?]
	at listeners.TestListener.onFinish(TestListener.java:80) [test-classes/:?]
	at org.testng.SuiteRunner.invokeListeners(SuiteRunner.java:249) [testng-7.10.2.jar:7.10.2]
	at org.testng.SuiteRunner.run(SuiteRunner.java:314) [testng-7.10.2.jar:7.10.2]
	at org.testng.SuiteRunnerWorker.runSuite(SuiteRunnerWorker.java:52) [testng-7.10.2.jar:7.10.2]
	at org.testng.SuiteRunnerWorker.run(SuiteRunnerWorker.java:95) [testng-7.10.2.jar:7.10.2]
	at org.testng.TestNG.runSuitesSequentially(TestNG.java:1274) [testng-7.10.2.jar:7.10.2]
	at org.testng.TestNG.runSuitesLocally(TestNG.java:1208) [testng-7.10.2.jar:7.10.2]
	at org.testng.TestNG.runSuites(TestNG.java:1112) [testng-7.10.2.jar:7.10.2]
	at org.testng.TestNG.run(TestNG.java:1079) [testng-7.10.2.jar:7.10.2]
	at com.intellij.rt.testng.IDEARemoteTestNG.run(IDEARemoteTestNG.java:65) [testng-rt.jar:?]
	at com.intellij.rt.testng.RemoteTestNGStarter.main(RemoteTestNGStarter.java:105) [testng-rt.jar:?]
Caused by: java.io.IOException: CreateProcess error=2, The system cannot find the file specified
	at java.base/java.lang.ProcessImpl.create(Native Method) ~[?:?]
	at java.base/java.lang.ProcessImpl.<init>(ProcessImpl.java:485) ~[?:?]
	at java.base/java.lang.ProcessImpl.start(ProcessImpl.java:146) ~[?:?]
	at java.base/java.lang.ProcessBuilder.start(ProcessBuilder.java:1076) ~[?:?]
	... 14 more
[ERROR] 09-12-2025 23:36:09 [main] [listeners.TestListener] - ✗ Failed to generate report via Maven
[INFO] 09-12-2025 23:36:09 [main] [listeners.TestListener] - Manual generation: mvn allure:report
[INFO] 09-12-2025 23:36:09 [main] [listeners.TestListener] - 
[INFO] 09-12-2025 23:36:09 [main] [listeners.TestListener] - ╔══════════════════════════════════════════════════════╗
[INFO] 09-12-2025 23:36:09 [main] [listeners.TestListener] - ║          OPENING ALLURE REPORT                       ║
[INFO] 09-12-2025 23:36:09 [main] [listeners.TestListener] - ╚══════════════════════════════════════════════════════╝
[WARN] 09-12-2025 23:36:09 [main] [listeners.TestListener] - Allure CLI not found. Opening report file directly...
[INFO] 09-12-2025 23:36:09 [main] [utils.report.AllureUtlis] - Report found at: H:\software testing\Automation coursse work\GradProject\GradProject\test-output\allure-report\index.html
[INFO] 09-12-2025 23:36:09 [main] [utils.report.AllureUtlis] - ✓ Report opened in default browser
[INFO] 09-12-2025 23:36:09 [main] [listeners.TestListener] - ═══════════════════════════════════════════════════════
[INFO] 09-12-2025 23:36:09 [main] [listeners.TestListener] - Test execution completed. Thank you!
[INFO] 09-12-2025 23:36:09 [main] [listeners.TestListener] - ═══════════════════════════════════════════════════════
